#
# A fatal error has been detected by the Java Runtime Environment:
#
#  EXCEPTION_ACCESS_VIOLATION (0xc0000005) at pc=0x00007ffdeb0c3936, pid=12992, tid=8284
#
# JRE version: Java(TM) SE Runtime Environment 18.9 (11.0.7+8) (build 11.0.7+8-LTS)
# Java VM: Java HotSpot(TM) 64-Bit Server VM 18.9 (11.0.7+8-LTS, mixed mode, tiered, compressed oops, g1 gc, windows-amd64)
# Problematic frame:
# V  [jvm.dll+0x6f3936]
#
# No core dump will be written. Minidumps are not enabled by default on client versions of Windows
#
# If you would like to submit a bug report, please visit:
#   https://bugreport.java.com/bugreport/crash.jsp
#

---------------  S U M M A R Y ------------

Command Line: -Dcom.sun.management.jmxremote -Dcom.sun.management.jmxremote.port=51737 -Dcom.sun.management.jmxremote.authenticate=false -Dcom.sun.management.jmxremote.ssl=false -Djava.rmi.server.hostname=localhost -Dspring.jmx.enabled=true -Dspring.application.admin.enabled=true -XX:TieredStopAtLevel=1 -Dspring.boot.project.name=projetoPedido -Dfile.encoding=UTF-8 com.davidFontes.ProjetoPedidoApplication --spring.output.ansi.enabled=always

Host: Intel(R) Core(TM) i3-2350M CPU @ 2.30GHz, 4 cores, 5G,  Windows 10 , 64 bit Build 19041 (10.0.19041.1151)
Time: Tue Aug 17 18:37:38 2021 Hora oficial do Brasil elapsed time: 3 seconds (0d 0h 0m 3s)

---------------  T H R E A D  ---------------

Current thread (0x000001b295309800):  WatcherThread [stack: 0x000000078b300000,0x000000078b400000] [id=8284]

Stack: [0x000000078b300000,0x000000078b400000],  sp=0x000000078b3ff9c0,  free space=1022k
Native frames: (J=compiled Java code, j=interpreted, Vv=VM code, C=native code)
V  [jvm.dll+0x6f3936]
V  [jvm.dll+0x73fc7d]
V  [jvm.dll+0x765fe9]
V  [jvm.dll+0x75e875]
V  [jvm.dll+0x660b26]
C  [ucrtbase.dll+0x21bb2]
C  [KERNEL32.DLL+0x17034]
C  [ntdll.dll+0x52651]


siginfo: EXCEPTION_ACCESS_VIOLATION (0xc0000005), reading address 0x0000000800000007


Register to memory mapping:

RIP=0x00007ffdeb0c3936 jvm.dll
RAX=0x0000000800000007 is an unknown value
RBX=0x0 is NULL
RCX=0x000001b2952ed880 points into unknown readable memory: e8 4a 2d eb fd 7f 00 00
RDX=0x0000000000000033 is an unknown value
RSP=0x000000078b3ff9c0 points into unknown readable memory: 00 98 30 95 b2 01 00 00
RBP=0x0000000000000002 is an unknown value
RSI=0x000001b2952559b0 points into unknown readable memory: 07 00 00 00 08 00 00 00
RDI=0x0000000000000001 is an unknown value
R8 =0x0 is NULL
R9 =0x000001b280000b80 is at begin+0 in a stub
StubRoutines::atomic_cmpxchg_long [0x000001b280000b80, 0x000001b280000b89[ (9 bytes)
R10=0x00000000546c6148 is an unknown value
R11=0x0000007fe168dc1a is an unknown value
R12=0x0 is NULL
R13=0x000001b295309800 points into unknown readable memory: 18 92 2d eb fd 7f 00 00
R14=0x0000000000000033 is an unknown value
R15=0x000001b295133400 points into unknown readable memory: 00 00 00 00 00 00 00 00


Registers:
RAX=0x0000000800000007, RBX=0x0000000000000000, RCX=0x000001b2952ed880, RDX=0x0000000000000033
RSP=0x000000078b3ff9c0, RBP=0x0000000000000002, RSI=0x000001b2952559b0, RDI=0x0000000000000001
R8 =0x0000000000000000, R9 =0x000001b280000b80, R10=0x00000000546c6148, R11=0x0000007fe168dc1a
R12=0x0000000000000000, R13=0x000001b295309800, R14=0x0000000000000033, R15=0x000001b295133400
RIP=0x00007ffdeb0c3936, EFLAGS=0x0000000000010246

Top of Stack: (sp=0x000000078b3ff9c0)
0x000000078b3ff9c0:   000001b295309800 000001b295309800
0x000000078b3ff9d0:   000050bae587aadc 00007ffdeb0042d9
0x000000078b3ff9e0:   00007ffdeb47abc8 00007ffdeb10fc7d
0x000000078b3ff9f0:   000001b2f442a8a0 000001b2f442a8a0
0x000000078b3ffa00:   000001b2f442a8a0 431bde82d7b634db
0x000000078b3ffa10:   000001b295133400 000050bae587aadc
0x000000078b3ffa20:   000001b2f442a8a0 00007ffdeb135fe9
0x000000078b3ffa30:   0000000000000001 0000000000000033
0x000000078b3ffa40:   0000000000000032 0000000000000002
0x000000078b3ffa50:   0000000000000000 0000000000000000
0x000000078b3ffa60:   0000000000000000 0000000000000000
0x000000078b3ffa70:   0000000000000000 0000000000000000
0x000000078b3ffa80:   0000000000000000 0000000000000000
0x000000078b3ffa90:   000001b295309800 0000000000000000
0x000000078b3ffaa0:   0000000000100000 000000078b3ffc70
0x000000078b3ffab0:   000000078b300000 00007ffdeb12e875 

Instructions: (pc=0x00007ffdeb0c3936)
0x00007ffdeb0c3916:   cc cc cc cc cc cc cc cc cc cc 48 89 5c 24 10 56
0x00007ffdeb0c3926:   48 83 ec 20 48 8b 35 67 23 3b 00 33 db 48 8b 06
0x00007ffdeb0c3936:   39 18 7e 27 48 89 7c 24 30 8b fb 48 8b 40 18 48
0x00007ffdeb0c3946:   8b 0c 07 48 8b 01 ff 50 08 48 8b 06 48 8d 7f 08 


Stack slot to memory mapping:
stack at sp + 0 slots: 0x000001b295309800 points into unknown readable memory: 18 92 2d eb fd 7f 00 00
stack at sp + 1 slots: 0x000001b295309800 points into unknown readable memory: 18 92 2d eb fd 7f 00 00
stack at sp + 2 slots: 0x000050bae587aadc is an unknown value
stack at sp + 3 slots: 0x00007ffdeb0042d9 jvm.dll
stack at sp + 4 slots: 0x00007ffdeb47abc8 jvm.dll
stack at sp + 5 slots: 0x00007ffdeb10fc7d jvm.dll
stack at sp + 6 slots: 0x000001b2f442a8a0 points into unknown readable memory: 01 00 00 00 00 00 00 00
stack at sp + 7 slots: 0x000001b2f442a8a0 points into unknown readable memory: 01 00 00 00 00 00 00 00


---------------  P R O C E S S  ---------------

Threads class SMR info:
_java_thread_list=0x000001b2953bebf0, length=13, elements={
0x000001b2f442f000, 0x000001b2ff541000, 0x000001b2ff56d800, 0x000001b2ff57b000,
0x000001b293fc6800, 0x000001b293fc7000, 0x000001b293fe4800, 0x000001b2ff4f8800,
0x000001b294201800, 0x000001b295288800, 0x000001b295291000, 0x000001b2952a1000,
0x000001b2953c6000
}

Java Threads: ( => current thread )
  0x000001b2f442f000 JavaThread "main" [_thread_blocked, id=7708, stack(0x000000078a000000,0x000000078a100000)]
  0x000001b2ff541000 JavaThread "Reference Handler" daemon [_thread_blocked, id=7824, stack(0x000000078a700000,0x000000078a800000)]
  0x000001b2ff56d800 JavaThread "Finalizer" daemon [_thread_blocked, id=10348, stack(0x000000078a800000,0x000000078a900000)]
  0x000001b2ff57b000 JavaThread "Signal Dispatcher" daemon [_thread_blocked, id=14276, stack(0x000000078a900000,0x000000078aa00000)]
  0x000001b293fc6800 JavaThread "Attach Listener" daemon [_thread_blocked, id=6084, stack(0x000000078aa00000,0x000000078ab00000)]
  0x000001b293fc7000 JavaThread "C1 CompilerThread0" daemon [_thread_in_vm, id=2044, stack(0x000000078ab00000,0x000000078ac00000)]
  0x000001b293fe4800 JavaThread "Sweeper thread" daemon [_thread_blocked, id=11356, stack(0x000000078ac00000,0x000000078ad00000)]
  0x000001b2ff4f8800 JavaThread "Common-Cleaner" daemon [_thread_blocked, id=5116, stack(0x000000078ad00000,0x000000078ae00000)]
  0x000001b294201800 JavaThread "Service Thread" daemon [_thread_blocked, id=2144, stack(0x000000078ae00000,0x000000078af00000)]
  0x000001b295288800 JavaThread "RMI TCP Accept-0" daemon [_thread_in_native, id=11560, stack(0x000000078b000000,0x000000078b100000)]
  0x000001b295291000 JavaThread "RMI TCP Accept-51737" daemon [_thread_in_native, id=13268, stack(0x000000078b100000,0x000000078b200000)]
  0x000001b2952a1000 JavaThread "RMI TCP Accept-0" daemon [_thread_in_native, id=6056, stack(0x000000078b200000,0x000000078b300000)]
  0x000001b2953c6000 JavaThread "RMI TCP Connection(idle)" daemon [_thread_blocked, id=14108, stack(0x000000078b400000,0x000000078b500000)]

Other Threads:
  0x000001b2ff53c000 VMThread "VM Thread" [stack: 0x000000078a600000,0x000000078a700000] [id=1876]
=>0x000001b295309800 WatcherThread [stack: 0x000000078b300000,0x000000078b400000] [id=8284]
  0x000001b2f4445800 GCTaskThread "GC Thread#0" [stack: 0x000000078a100000,0x000000078a200000] [id=8912]
  0x000001b294b6f800 GCTaskThread "GC Thread#1" [stack: 0x000000078af00000,0x000000078b000000] [id=3452]
  0x000001b2f446c800 ConcurrentGCThread "G1 Main Marker" [stack: 0x000000078a200000,0x000000078a300000] [id=13532]
  0x000001b2f446e000 ConcurrentGCThread "G1 Conc#0" [stack: 0x000000078a300000,0x000000078a400000] [id=12088]
  0x000001b2ff3a7800 ConcurrentGCThread "G1 Refine#0" [stack: 0x000000078a400000,0x000000078a500000] [id=13200]
  0x000001b2ff3aa000 ConcurrentGCThread "G1 Young RemSet Sampling" [stack: 0x000000078a500000,0x000000078a600000] [id=13332]

Threads with active compile tasks:
C1 CompilerThread01110       1       java.util.zip.ZipFile$InflaterCleanupAction::run (12 bytes)

VM state:synchronizing (normal execution)

VM Mutex/Monitor currently owned by a thread:  ([mutex/lock_event])
[0x000001b2f442a930] Threads_lock - owner thread: 0x000001b2ff53c000
[0x000001b2f442a8a0] PeriodicTask_lock - owner thread: 0x000001b295309800

Heap address: 0x00000000a1000000, size: 1520 MB, Compressed Oops mode: 32-bit
Narrow klass base: 0x0000000000000000, Narrow klass shift: 3
Compressed class space size: 1073741824 Address: 0x0000000100000000

Heap:
 garbage-first heap   total 98304K, used 30159K [0x00000000a1000000, 0x0000000100000000)
  region size 1024K, 15 young (15360K), 1 survivors (1024K)
 Metaspace       used 12395K, capacity 12783K, committed 13056K, reserved 1060864K
  class space    used 1309K, capacity 1436K, committed 1536K, reserved 1048576K
Heap Regions: E=young(eden), S=young(survivor), O=old, HS=humongous(starts), HC=humongous(continues), CS=collection set, F=free, A=archive, TAMS=top-at-mark-start (previous, next)
|   0|0x00000000a1000000, 0x00000000a1100000, 0x00000000a1100000|100%|HS|  |TAMS 0x00000000a1000000, 0x00000000a1000000| Complete 
|   1|0x00000000a1100000, 0x00000000a1200000, 0x00000000a1200000|100%| O|  |TAMS 0x00000000a1100000, 0x00000000a1100000| Untracked 
|   2|0x00000000a1200000, 0x00000000a1300000, 0x00000000a1300000|100%| O|  |TAMS 0x00000000a1200000, 0x00000000a1200000| Untracked 
|   3|0x00000000a1300000, 0x00000000a1400000, 0x00000000a1400000|100%| O|  |TAMS 0x00000000a1300000, 0x00000000a1300000| Untracked 
|   4|0x00000000a1400000, 0x00000000a1500000, 0x00000000a1500000|100%| O|  |TAMS 0x00000000a1400000, 0x00000000a1400000| Untracked 
|   5|0x00000000a1500000, 0x00000000a1600000, 0x00000000a1600000|100%| O|  |TAMS 0x00000000a1500000, 0x00000000a1500000| Untracked 
|   6|0x00000000a1600000, 0x00000000a1700000, 0x00000000a1700000|100%| O|  |TAMS 0x00000000a1600000, 0x00000000a1600000| Untracked 
|   7|0x00000000a1700000, 0x00000000a1800000, 0x00000000a1800000|100%| O|  |TAMS 0x00000000a1700000, 0x00000000a1700000| Untracked 
|   8|0x00000000a1800000, 0x00000000a1900000, 0x00000000a1900000|100%| O|  |TAMS 0x00000000a1800000, 0x00000000a1800000| Untracked 
|   9|0x00000000a1900000, 0x00000000a1a00000, 0x00000000a1a00000|100%| O|  |TAMS 0x00000000a1900000, 0x00000000a1900000| Untracked 
|  10|0x00000000a1a00000, 0x00000000a1b00000, 0x00000000a1b00000|100%| O|  |TAMS 0x00000000a1a00000, 0x00000000a1a00000| Untracked 
|  11|0x00000000a1b00000, 0x00000000a1c00000, 0x00000000a1c00000|100%| O|  |TAMS 0x00000000a1b00000, 0x00000000a1b00000| Untracked 
|  12|0x00000000a1c00000, 0x00000000a1d00000, 0x00000000a1d00000|100%| O|  |TAMS 0x00000000a1c00000, 0x00000000a1c00000| Untracked 
|  13|0x00000000a1d00000, 0x00000000a1e00000, 0x00000000a1e00000|100%| O|  |TAMS 0x00000000a1d00000, 0x00000000a1d00000| Untracked 
|  14|0x00000000a1e00000, 0x00000000a1f00000, 0x00000000a1f00000|100%| O|  |TAMS 0x00000000a1e00000, 0x00000000a1e00000| Untracked 
|  15|0x00000000a1f00000, 0x00000000a2000000, 0x00000000a2000000|100%| O|  |TAMS 0x00000000a1f00000, 0x00000000a1f00000| Untracked 
|  16|0x00000000a2000000, 0x00000000a2073e00, 0x00000000a2100000| 45%| O|  |TAMS 0x00000000a2000000, 0x00000000a2000000| Untracked 
|  17|0x00000000a2100000, 0x00000000a2100000, 0x00000000a2200000|  0%| F|  |TAMS 0x00000000a2100000, 0x00000000a2100000| Untracked 
|  18|0x00000000a2200000, 0x00000000a2200000, 0x00000000a2300000|  0%| F|  |TAMS 0x00000000a2200000, 0x00000000a2200000| Untracked 
|  19|0x00000000a2300000, 0x00000000a2300000, 0x00000000a2400000|  0%| F|  |TAMS 0x00000000a2300000, 0x00000000a2300000| Untracked 
|  20|0x00000000a2400000, 0x00000000a2400000, 0x00000000a2500000|  0%| F|  |TAMS 0x00000000a2400000, 0x00000000a2400000| Untracked 
|  21|0x00000000a2500000, 0x00000000a2500000, 0x00000000a2600000|  0%| F|  |TAMS 0x00000000a2500000, 0x00000000a2500000| Untracked 
|  22|0x00000000a2600000, 0x00000000a2600000, 0x00000000a2700000|  0%| F|  |TAMS 0x00000000a2600000, 0x00000000a2600000| Untracked 
|  23|0x00000000a2700000, 0x00000000a2700000, 0x00000000a2800000|  0%| F|  |TAMS 0x00000000a2700000, 0x00000000a2700000| Untracked 
|  24|0x00000000a2800000, 0x00000000a2800000, 0x00000000a2900000|  0%| F|  |TAMS 0x00000000a2800000, 0x00000000a2800000| Untracked 
|  25|0x00000000a2900000, 0x00000000a2900000, 0x00000000a2a00000|  0%| F|  |TAMS 0x00000000a2900000, 0x00000000a2900000| Untracked 
|  26|0x00000000a2a00000, 0x00000000a2a00000, 0x00000000a2b00000|  0%| F|  |TAMS 0x00000000a2a00000, 0x00000000a2a00000| Untracked 
|  27|0x00000000a2b00000, 0x00000000a2b00000, 0x00000000a2c00000|  0%| F|  |TAMS 0x00000000a2b00000, 0x00000000a2b00000| Untracked 
|  28|0x00000000a2c00000, 0x00000000a2c00000, 0x00000000a2d00000|  0%| F|  |TAMS 0x00000000a2c00000, 0x00000000a2c00000| Untracked 
|  29|0x00000000a2d00000, 0x00000000a2d00000, 0x00000000a2e00000|  0%| F|  |TAMS 0x00000000a2d00000, 0x00000000a2d00000| Untracked 
|  30|0x00000000a2e00000, 0x00000000a2e00000, 0x00000000a2f00000|  0%| F|  |TAMS 0x00000000a2e00000, 0x00000000a2e00000| Untracked 
|  31|0x00000000a2f00000, 0x00000000a2f00000, 0x00000000a3000000|  0%| F|  |TAMS 0x00000000a2f00000, 0x00000000a2f00000| Untracked 
|  32|0x00000000a3000000, 0x00000000a3000000, 0x00000000a3100000|  0%| F|  |TAMS 0x00000000a3000000, 0x00000000a3000000| Untracked 
|  33|0x00000000a3100000, 0x00000000a3100000, 0x00000000a3200000|  0%| F|  |TAMS 0x00000000a3100000, 0x00000000a3100000| Untracked 
|  34|0x00000000a3200000, 0x00000000a3200000, 0x00000000a3300000|  0%| F|  |TAMS 0x00000000a3200000, 0x00000000a3200000| Untracked 
|  35|0x00000000a3300000, 0x00000000a3300000, 0x00000000a3400000|  0%| F|  |TAMS 0x00000000a3300000, 0x00000000a3300000| Untracked 
|  36|0x00000000a3400000, 0x00000000a3400000, 0x00000000a3500000|  0%| F|  |TAMS 0x00000000a3400000, 0x00000000a3400000| Untracked 
|  37|0x00000000a3500000, 0x00000000a3500000, 0x00000000a3600000|  0%| F|  |TAMS 0x00000000a3500000, 0x00000000a3500000| Untracked 
|  38|0x00000000a3600000, 0x00000000a3600000, 0x00000000a3700000|  0%| F|  |TAMS 0x00000000a3600000, 0x00000000a3600000| Untracked 
|  39|0x00000000a3700000, 0x00000000a3700000, 0x00000000a3800000|  0%| F|  |TAMS 0x00000000a3700000, 0x00000000a3700000| Untracked 
|  40|0x00000000a3800000, 0x00000000a3800000, 0x00000000a3900000|  0%| F|  |TAMS 0x00000000a3800000, 0x00000000a3800000| Untracked 
|  41|0x00000000a3900000, 0x00000000a3900000, 0x00000000a3a00000|  0%| F|  |TAMS 0x00000000a3900000, 0x00000000a3900000| Untracked 
|  42|0x00000000a3a00000, 0x00000000a3a00000, 0x00000000a3b00000|  0%| F|  |TAMS 0x00000000a3a00000, 0x00000000a3a00000| Untracked 
|  43|0x00000000a3b00000, 0x00000000a3b00000, 0x00000000a3c00000|  0%| F|  |TAMS 0x00000000a3b00000, 0x00000000a3b00000| Untracked 
|  44|0x00000000a3c00000, 0x00000000a3c00000, 0x00000000a3d00000|  0%| F|  |TAMS 0x00000000a3c00000, 0x00000000a3c00000| Untracked 
|  45|0x00000000a3d00000, 0x00000000a3d00000, 0x00000000a3e00000|  0%| F|  |TAMS 0x00000000a3d00000, 0x00000000a3d00000| Untracked 
|  46|0x00000000a3e00000, 0x00000000a3e00000, 0x00000000a3f00000|  0%| F|  |TAMS 0x00000000a3e00000, 0x00000000a3e00000| Untracked 
|  47|0x00000000a3f00000, 0x00000000a3f00000, 0x00000000a4000000|  0%| F|  |TAMS 0x00000000a3f00000, 0x00000000a3f00000| Untracked 
|  48|0x00000000a4000000, 0x00000000a4000000, 0x00000000a4100000|  0%| F|  |TAMS 0x00000000a4000000, 0x00000000a4000000| Untracked 
|  49|0x00000000a4100000, 0x00000000a4100000, 0x00000000a4200000|  0%| F|  |TAMS 0x00000000a4100000, 0x00000000a4100000| Untracked 
|  50|0x00000000a4200000, 0x00000000a4200000, 0x00000000a4300000|  0%| F|  |TAMS 0x00000000a4200000, 0x00000000a4200000| Untracked 
|  51|0x00000000a4300000, 0x00000000a4300000, 0x00000000a4400000|  0%| F|  |TAMS 0x00000000a4300000, 0x00000000a4300000| Untracked 
|  52|0x00000000a4400000, 0x00000000a4400000, 0x00000000a4500000|  0%| F|  |TAMS 0x00000000a4400000, 0x00000000a4400000| Untracked 
|  53|0x00000000a4500000, 0x00000000a4500000, 0x00000000a4600000|  0%| F|  |TAMS 0x00000000a4500000, 0x00000000a4500000| Untracked 
|  54|0x00000000a4600000, 0x00000000a4600000, 0x00000000a4700000|  0%| F|  |TAMS 0x00000000a4600000, 0x00000000a4600000| Untracked 
|  55|0x00000000a4700000, 0x00000000a4700000, 0x00000000a4800000|  0%| F|  |TAMS 0x00000000a4700000, 0x00000000a4700000| Untracked 
|  56|0x00000000a4800000, 0x00000000a4800000, 0x00000000a4900000|  0%| F|  |TAMS 0x00000000a4800000, 0x00000000a4800000| Untracked 
|  57|0x00000000a4900000, 0x00000000a4900000, 0x00000000a4a00000|  0%| F|  |TAMS 0x00000000a4900000, 0x00000000a4900000| Untracked 
|  58|0x00000000a4a00000, 0x00000000a4a00000, 0x00000000a4b00000|  0%| F|  |TAMS 0x00000000a4a00000, 0x00000000a4a00000| Untracked 
|  59|0x00000000a4b00000, 0x00000000a4b00000, 0x00000000a4c00000|  0%| F|  |TAMS 0x00000000a4b00000, 0x00000000a4b00000| Untracked 
|  60|0x00000000a4c00000, 0x00000000a4c00000, 0x00000000a4d00000|  0%| F|  |TAMS 0x00000000a4c00000, 0x00000000a4c00000| Untracked 
|  61|0x00000000a4d00000, 0x00000000a4d00000, 0x00000000a4e00000|  0%| F|  |TAMS 0x00000000a4d00000, 0x00000000a4d00000| Untracked 
|  62|0x00000000a4e00000, 0x00000000a4e00000, 0x00000000a4f00000|  0%| F|  |TAMS 0x00000000a4e00000, 0x00000000a4e00000| Untracked 
|  63|0x00000000a4f00000, 0x00000000a4f00000, 0x00000000a5000000|  0%| F|  |TAMS 0x00000000a4f00000, 0x00000000a4f00000| Untracked 
|  64|0x00000000a5000000, 0x00000000a5000000, 0x00000000a5100000|  0%| F|  |TAMS 0x00000000a5000000, 0x00000000a5000000| Untracked 
|  65|0x00000000a5100000, 0x00000000a5100000, 0x00000000a5200000|  0%| F|  |TAMS 0x00000000a5100000, 0x00000000a5100000| Untracked 
|  66|0x00000000a5200000, 0x00000000a5200000, 0x00000000a5300000|  0%| F|  |TAMS 0x00000000a5200000, 0x00000000a5200000| Untracked 
|  67|0x00000000a5300000, 0x00000000a5300000, 0x00000000a5400000|  0%| F|  |TAMS 0x00000000a5300000, 0x00000000a5300000| Untracked 
|  68|0x00000000a5400000, 0x00000000a5400000, 0x00000000a5500000|  0%| F|  |TAMS 0x00000000a5400000, 0x00000000a5400000| Untracked 
|  69|0x00000000a5500000, 0x00000000a5500000, 0x00000000a5600000|  0%| F|  |TAMS 0x00000000a5500000, 0x00000000a5500000| Untracked 
|  70|0x00000000a5600000, 0x00000000a5600000, 0x00000000a5700000|  0%| F|  |TAMS 0x00000000a5600000, 0x00000000a5600000| Untracked 
|  71|0x00000000a5700000, 0x00000000a5700000, 0x00000000a5800000|  0%| F|  |TAMS 0x00000000a5700000, 0x00000000a5700000| Untracked 
|  72|0x00000000a5800000, 0x00000000a5800000, 0x00000000a5900000|  0%| F|  |TAMS 0x00000000a5800000, 0x00000000a5800000| Untracked 
|  73|0x00000000a5900000, 0x00000000a5900000, 0x00000000a5a00000|  0%| F|  |TAMS 0x00000000a5900000, 0x00000000a5900000| Untracked 
|  74|0x00000000a5a00000, 0x00000000a5a00000, 0x00000000a5b00000|  0%| F|  |TAMS 0x00000000a5a00000, 0x00000000a5a00000| Untracked 
|  75|0x00000000a5b00000, 0x00000000a5b00000, 0x00000000a5c00000|  0%| F|  |TAMS 0x00000000a5b00000, 0x00000000a5b00000| Untracked 
|  76|0x00000000a5c00000, 0x00000000a5c00000, 0x00000000a5d00000|  0%| F|  |TAMS 0x00000000a5c00000, 0x00000000a5c00000| Untracked 
|  77|0x00000000a5d00000, 0x00000000a5d00000, 0x00000000a5e00000|  0%| F|  |TAMS 0x00000000a5d00000, 0x00000000a5d00000| Untracked 
|  78|0x00000000a5e00000, 0x00000000a5e00000, 0x00000000a5f00000|  0%| F|  |TAMS 0x00000000a5e00000, 0x00000000a5e00000| Untracked 
|  79|0x00000000a5f00000, 0x00000000a5f00000, 0x00000000a6000000|  0%| F|  |TAMS 0x00000000a5f00000, 0x00000000a5f00000| Untracked 
|  80|0x00000000a6000000, 0x00000000a6000000, 0x00000000a6100000|  0%| F|  |TAMS 0x00000000a6000000, 0x00000000a6000000| Untracked 
|  81|0x00000000a6100000, 0x00000000a6126e78, 0x00000000a6200000| 15%| E|  |TAMS 0x00000000a6100000, 0x00000000a6100000| Complete 
|  82|0x00000000a6200000, 0x00000000a6300000, 0x00000000a6300000|100%| E|CS|TAMS 0x00000000a6200000, 0x00000000a6200000| Complete 
|  83|0x00000000a6300000, 0x00000000a6400000, 0x00000000a6400000|100%| E|CS|TAMS 0x00000000a6300000, 0x00000000a6300000| Complete 
|  84|0x00000000a6400000, 0x00000000a6500000, 0x00000000a6500000|100%| E|CS|TAMS 0x00000000a6400000, 0x00000000a6400000| Complete 
|  85|0x00000000a6500000, 0x00000000a6600000, 0x00000000a6600000|100%| E|CS|TAMS 0x00000000a6500000, 0x00000000a6500000| Complete 
|  86|0x00000000a6600000, 0x00000000a6700000, 0x00000000a6700000|100%| E|CS|TAMS 0x00000000a6600000, 0x00000000a6600000| Complete 
|  87|0x00000000a6700000, 0x00000000a6800000, 0x00000000a6800000|100%| E|CS|TAMS 0x00000000a6700000, 0x00000000a6700000| Complete 
|  88|0x00000000a6800000, 0x00000000a6900000, 0x00000000a6900000|100%| E|CS|TAMS 0x00000000a6800000, 0x00000000a6800000| Complete 
|  89|0x00000000a6900000, 0x00000000a6a00000, 0x00000000a6a00000|100%| S|CS|TAMS 0x00000000a6900000, 0x00000000a6900000| Complete 
|  90|0x00000000a6a00000, 0x00000000a6b00000, 0x00000000a6b00000|100%| E|CS|TAMS 0x00000000a6a00000, 0x00000000a6a00000| Complete 
|  91|0x00000000a6b00000, 0x00000000a6c00000, 0x00000000a6c00000|100%| E|CS|TAMS 0x00000000a6b00000, 0x00000000a6b00000| Complete 
|  92|0x00000000a6c00000, 0x00000000a6d00000, 0x00000000a6d00000|100%| E|CS|TAMS 0x00000000a6c00000, 0x00000000a6c00000| Complete 
|  93|0x00000000a6d00000, 0x00000000a6e00000, 0x00000000a6e00000|100%| E|CS|TAMS 0x00000000a6d00000, 0x00000000a6d00000| Complete 
|  94|0x00000000a6e00000, 0x00000000a6f00000, 0x00000000a6f00000|100%| E|  |TAMS 0x00000000a6e00000, 0x00000000a6e00000| Complete 
|  95|0x00000000a6f00000, 0x00000000a7000000, 0x00000000a7000000|100%| E|CS|TAMS 0x00000000a6f00000, 0x00000000a6f00000| Complete 

Card table byte_map: [0x000001b2fe900000,0x000001b2fec00000] _byte_map_base: 0x000001b2fe3f8000

Marking Bits (Prev, Next): (CMBitMap*) 0x000001b2f4465db8, (CMBitMap*) 0x000001b2f4465df0
 Prev Bits: [0x000001b28f000000, 0x000001b2907c0000)
 Next Bits: [0x000001b2907c0000, 0x000001b291f80000)

Polling page: 0x000001b2f44d0000

Metaspace:

Usage:
  Non-class:     11.08 MB capacity,    10.83 MB ( 98%) used,   231.18 KB (  2%) free+waste,    29.88 KB ( <1%) overhead. 
      Class:      1.40 MB capacity,     1.28 MB ( 91%) used,   111.79 KB (  8%) free+waste,    14.88 KB (  1%) overhead. 
       Both:     12.48 MB capacity,    12.10 MB ( 97%) used,   342.97 KB (  3%) free+waste,    44.75 KB ( <1%) overhead. 

Virtual space:
  Non-class space:       12.00 MB reserved,      11.25 MB ( 94%) committed 
      Class space:        1.00 GB reserved,       1.50 MB ( <1%) committed 
             Both:        1.01 GB reserved,      12.75 MB (  1%) committed 

Chunk freelists:
   Non-Class:  5.63 KB
       Class:  512 bytes
        Both:  6.13 KB

CodeHeap 'non-profiled nmethods': size=238912Kb used=1523Kb max_used=1523Kb free=237389Kb
 bounds [0x000001b2806b0000, 0x000001b280920000, 0x000001b28f000000]
CodeHeap 'non-nmethods': size=6848Kb used=1096Kb max_used=1096Kb free=5751Kb
 bounds [0x000001b280000000, 0x000001b280270000, 0x000001b2806b0000]
 total_blobs=1526 nmethods=1111 adapters=326
 compilation: enabled
              stopped_count=0, restarted_count=0
 full_count=0

Compilation events (10 events):
Event: 3.592 Thread 0x000001b293fc7000 1105   !   1       java.util.concurrent.ConcurrentHashMap::computeIfAbsent (576 bytes)
Event: 3.596 Thread 0x000001b293fc7000 nmethod 1105 0x000001b280827f90 code [0x000001b2808282a0, 0x000001b280829870]
Event: 3.596 Thread 0x000001b293fc7000 1106       1       sun.net.www.ParseUtil::encodePath (41 bytes)
Event: 3.596 Thread 0x000001b293fc7000 nmethod 1106 0x000001b28082a510 code [0x000001b28082a6c0, 0x000001b28082a870]
Event: 3.606 Thread 0x000001b293fc7000 1107       1       java.net.URL::toString (5 bytes)
Event: 3.606 Thread 0x000001b293fc7000 nmethod 1107 0x000001b28082a910 code [0x000001b28082aac0, 0x000001b28082ac10]
Event: 3.606 Thread 0x000001b293fc7000 1108       1       java.net.URL::toExternalForm (9 bytes)
Event: 3.607 Thread 0x000001b293fc7000 nmethod 1108 0x000001b28082ad10 code [0x000001b28082aec0, 0x000001b28082b010]
Event: 3.607 Thread 0x000001b293fc7000 1109       1       java.net.URLStreamHandler::toExternalForm (156 bytes)
Event: 3.609 Thread 0x000001b293fc7000 nmethod 1109 0x000001b28082b110 code [0x000001b28082b400, 0x000001b28082bf00]

GC Heap History (4 events):
Event: 2.025 GC heap before
{Heap before GC invocations=0 (full 0):
 garbage-first heap   total 98304K, used 14336K [0x00000000a1000000, 0x0000000100000000)
  region size 1024K, 14 young (14336K), 0 survivors (0K)
 Metaspace       used 6087K, capacity 6174K, committed 6272K, reserved 1056768K
  class space    used 538K, capacity 567K, committed 640K, reserved 1048576K
}
Event: 2.037 GC heap after
{Heap after GC invocations=1 (full 0):
 garbage-first heap   total 98304K, used 12118K [0x00000000a1000000, 0x0000000100000000)
  region size 1024K, 2 young (2048K), 2 survivors (2048K)
 Metaspace       used 6087K, capacity 6174K, committed 6272K, reserved 1056768K
  class space    used 538K, capacity 567K, committed 640K, reserved 1048576K
}
Event: 2.183 GC heap before
{Heap before GC invocations=1 (full 0):
 garbage-first heap   total 98304K, used 17238K [0x00000000a1000000, 0x0000000100000000)
  region size 1024K, 8 young (8192K), 2 survivors (2048K)
 Metaspace       used 6088K, capacity 6174K, committed 6272K, reserved 1056768K
  class space    used 538K, capacity 567K, committed 640K, reserved 1048576K
}
Event: 2.190 GC heap after
{Heap after GC invocations=2 (full 0):
 garbage-first heap   total 98304K, used 17871K [0x00000000a1000000, 0x0000000100000000)
  region size 1024K, 1 young (1024K), 1 survivors (1024K)
 Metaspace       used 6088K, capacity 6174K, committed 6272K, reserved 1056768K
  class space    used 538K, capacity 567K, committed 640K, reserved 1048576K
}

Deoptimization events (0 events):
No events

Classes redefined (0 events):
No events

Internal exceptions (10 events):
Event: 2.766 Thread 0x000001b2f442f000 Exception <a 'java/lang/NoSuchMethodError'{0x00000000a660fba0}: java.lang.invoke.DirectMethodHandle$Holder.invokeSpecialIFC(Ljava/lang/Object;Ljava/lang/Object;Ljava/lang/Object;)I> (0x00000000a660fba0) thrown at [./open/src/hotspot/share/interpreter/link
Event: 2.807 Thread 0x000001b2f442f000 Exception <a 'java/lang/NoSuchMethodError'{0x00000000a667a408}: java.lang.invoke.DirectMethodHandle$Holder.invokeStatic(Ljava/lang/Object;IIII)Ljava/lang/Object;> (0x00000000a667a408) thrown at [./open/src/hotspot/share/interpreter/linkResolver.cpp, line 
Event: 2.808 Thread 0x000001b2f442f000 Exception <a 'java/lang/NoSuchMethodError'{0x00000000a667d520}: java.lang.invoke.DirectMethodHandle$Holder.invokeStaticInit(Ljava/lang/Object;IIII)Ljava/lang/Object;> (0x00000000a667d520) thrown at [./open/src/hotspot/share/interpreter/linkResolver.cpp, l
Event: 3.452 Thread 0x000001b2f442f000 Exception <a 'java/lang/NoSuchMethodError'{0x00000000a654a558}: java.lang.invoke.DirectMethodHandle$Holder.invokeStatic(Ljava/lang/Object;Ljava/lang/Object;IIII)Ljava/lang/Object;> (0x00000000a654a558) thrown at [./open/src/hotspot/share/interpreter/linkR
Event: 3.453 Thread 0x000001b2f442f000 Exception <a 'java/lang/NoSuchMethodError'{0x00000000a654dc18}: java.lang.invoke.DirectMethodHandle$Holder.invokeStaticInit(Ljava/lang/Object;Ljava/lang/Object;IIII)Ljava/lang/Object;> (0x00000000a654dc18) thrown at [./open/src/hotspot/share/interpreter/l
Event: 3.478 Thread 0x000001b2f442f000 Exception <a 'java/lang/ClassNotFoundException'{0x00000000a656b178}: javax/management/remote/rmi/RMIServerImpl_Skel> (0x00000000a656b178) thrown at [./open/src/hotspot/share/classfile/systemDictionary.cpp, line 228]
Event: 3.567 Thread 0x000001b2f442f000 Exception <a 'java/lang/ClassNotFoundException'{0x00000000a641a5a8}: jdk/internal/agent/resources/spi/agentProvider> (0x00000000a641a5a8) thrown at [./open/src/hotspot/share/classfile/systemDictionary.cpp, line 228]
Event: 3.584 Thread 0x000001b2f442f000 Exception <a 'java/lang/NoSuchMethodError'{0x00000000a646fe70}: java.lang.invoke.DirectMethodHandle$Holder.invokeStatic(Ljava/lang/Object;Ljava/lang/Object;Ljava/lang/Object;Ljava/lang/Object;Ljava/lang/Object;Ljava/lang/Object;Ljava/lang/Object;Ljava/lan
Event: 3.586 Thread 0x000001b2f442f000 Exception <a 'java/lang/NoSuchMethodError'{0x00000000a647c690}: java.lang.invoke.DirectMethodHandle$Holder.invokeStatic(Ljava/lang/Object;Ljava/lang/Object;Ljava/lang/Object;Ljava/lang/Object;Ljava/lang/Object;Ljava/lang/Object;Ljava/lang/Object;Ljava/lan
Event: 3.590 Thread 0x000001b2f442f000 Exception <a 'java/lang/NoSuchMethodError'{0x00000000a6496168}: java.lang.invoke.DelegatingMethodHandle$Holder.reinvoke_L(Ljava/lang/Object;ILjava/lang/Object;)Ljava/lang/Object;> (0x00000000a6496168) thrown at [./open/src/hotspot/share/interpreter/linkRe

Events (10 events):
Event: 3.743 loading class org/slf4j/ILoggerFactory
Event: 3.743 loading class org/slf4j/ILoggerFactory done
Event: 3.744 loading class org/slf4j/helpers/SubstituteLoggerFactory
Event: 3.744 loading class org/slf4j/helpers/SubstituteLoggerFactory done
Event: 3.746 loading class java/util/concurrent/LinkedBlockingQueue
Event: 3.746 loading class java/util/concurrent/LinkedBlockingQueue done
Event: 3.746 loading class java/util/concurrent/LinkedBlockingQueue$Node
Event: 3.746 loading class java/util/concurrent/LinkedBlockingQueue$Node done
Event: 3.747 loading class org/slf4j/helpers/NOPLoggerFactory
Event: 3.747 loading class org/slf4j/helpers/NOPLoggerFactory done


Dynamic libraries:
0x00007ff66fed0000 - 0x00007ff66ff17000 	C:\Program Files\Java\jdk-11.0.7\bin\javaw.exe
0x00007ffe19f70000 - 0x00007ffe1a165000 	C:\WINDOWS\SYSTEM32\ntdll.dll
0x00007ffe18fd0000 - 0x00007ffe1908d000 	C:\WINDOWS\System32\KERNEL32.DLL
0x00007ffe17a50000 - 0x00007ffe17d19000 	C:\WINDOWS\System32\KERNELBASE.dll
0x00007ffe14f00000 - 0x00007ffe14f90000 	C:\WINDOWS\SYSTEM32\apphelp.dll
0x00007ffdef020000 - 0x00007ffdef4b4000 	C:\WINDOWS\SYSTEM32\AcLayers.DLL
0x00007ffe193c0000 - 0x00007ffe1945e000 	C:\WINDOWS\System32\msvcrt.dll
0x00007ffe19cb0000 - 0x00007ffe19e50000 	C:\WINDOWS\System32\USER32.dll
0x00007ffe17a20000 - 0x00007ffe17a42000 	C:\WINDOWS\System32\win32u.dll
0x00007ffe197e0000 - 0x00007ffe1980a000 	C:\WINDOWS\System32\GDI32.dll
0x00007ffe176a0000 - 0x00007ffe177ab000 	C:\WINDOWS\System32\gdi32full.dll
0x00007ffe17dd0000 - 0x00007ffe17e6d000 	C:\WINDOWS\System32\msvcp_win.dll
0x00007ffe17920000 - 0x00007ffe17a20000 	C:\WINDOWS\System32\ucrtbase.dll
0x00007ffe19c40000 - 0x00007ffe19c95000 	C:\WINDOWS\System32\SHLWAPI.dll
0x00007ffe187a0000 - 0x00007ffe1884c000 	C:\WINDOWS\System32\ADVAPI32.dll
0x00007ffe19610000 - 0x00007ffe196ab000 	C:\WINDOWS\System32\sechost.dll
0x00007ffe19090000 - 0x00007ffe191ba000 	C:\WINDOWS\System32\RPCRT4.dll
0x000001b2f4100000 - 0x000001b2f4103000 	C:\WINDOWS\SYSTEM32\sfc.dll
0x00007ffe10d90000 - 0x00007ffe10e1e000 	C:\WINDOWS\SYSTEM32\WINSPOOL.DRV
0x00007ffe10e20000 - 0x00007ffe10e32000 	C:\WINDOWS\SYSTEM32\sfc_os.DLL
0x00007ffe18850000 - 0x00007ffe18880000 	C:\WINDOWS\System32\IMM32.DLL
0x00007ffe057b0000 - 0x00007ffe05a4a000 	C:\WINDOWS\WinSxS\amd64_microsoft.windows.common-controls_6595b64144ccf1df_6.0.19041.1110_none_60b5254171f9507e\COMCTL32.dll
0x00007ffe0a0f0000 - 0x00007ffe0a0fa000 	C:\WINDOWS\SYSTEM32\VERSION.dll
0x00007ffe0c190000 - 0x00007ffe0c1a6000 	C:\Program Files\Java\jdk-11.0.7\bin\vcruntime140.dll
0x00007ffdf5190000 - 0x00007ffdf523a000 	C:\Program Files\Java\jdk-11.0.7\bin\msvcp140.dll
0x00007ffdea9d0000 - 0x00007ffdeb531000 	C:\Program Files\Java\jdk-11.0.7\bin\server\jvm.dll
0x00007ffe19ca0000 - 0x00007ffe19ca8000 	C:\WINDOWS\System32\PSAPI.DLL
0x00007ffe08ad0000 - 0x00007ffe08ad9000 	C:\WINDOWS\SYSTEM32\WSOCK32.dll
0x00007ffe17fd0000 - 0x00007ffe1803b000 	C:\WINDOWS\System32\WS2_32.dll
0x00007ffe04bc0000 - 0x00007ffe04be7000 	C:\WINDOWS\SYSTEM32\WINMM.dll
0x00007ffe155b0000 - 0x00007ffe155c2000 	C:\WINDOWS\SYSTEM32\kernel.appcore.dll
0x00007ffe0c170000 - 0x00007ffe0c181000 	C:\Program Files\Java\jdk-11.0.7\bin\verify.dll
0x00007ffe09770000 - 0x00007ffe09954000 	C:\WINDOWS\SYSTEM32\DBGHELP.DLL
0x00007ffe062a0000 - 0x00007ffe062cc000 	C:\WINDOWS\SYSTEM32\dbgcore.DLL
0x00007ffe177e0000 - 0x00007ffe17863000 	C:\WINDOWS\System32\bcryptPrimitives.dll
0x00007ffdfcc80000 - 0x00007ffdfcca9000 	C:\Program Files\Java\jdk-11.0.7\bin\java.dll
0x00007ffe13150000 - 0x00007ffe1315a000 	C:\Program Files\Java\jdk-11.0.7\bin\jimage.dll
0x00007ffe0c150000 - 0x00007ffe0c166000 	C:\Program Files\Java\jdk-11.0.7\bin\zip.dll
0x00007ffe18880000 - 0x00007ffe18fbf000 	C:\WINDOWS\System32\SHELL32.dll
0x00007ffe157b0000 - 0x00007ffe15f40000 	C:\WINDOWS\SYSTEM32\windows.storage.dll
0x00007ffe19810000 - 0x00007ffe19b65000 	C:\WINDOWS\System32\combase.dll
0x00007ffe17140000 - 0x00007ffe1716c000 	C:\WINDOWS\SYSTEM32\Wldp.dll
0x00007ffe18040000 - 0x00007ffe180ee000 	C:\WINDOWS\System32\SHCORE.dll
0x00007ffe175e0000 - 0x00007ffe175ff000 	C:\WINDOWS\SYSTEM32\profapi.dll
0x00007ffe06bc0000 - 0x00007ffe06bd9000 	C:\Program Files\Java\jdk-11.0.7\bin\net.dll
0x00007ffe0d2a0000 - 0x00007ffe0d3a8000 	C:\WINDOWS\SYSTEM32\WINHTTP.dll
0x00007ffe16e60000 - 0x00007ffe16eca000 	C:\WINDOWS\system32\mswsock.dll
0x00007ffe04650000 - 0x00007ffe04663000 	C:\Program Files\Java\jdk-11.0.7\bin\nio.dll
0x00007ffe12130000 - 0x00007ffe12139000 	C:\Program Files\Java\jdk-11.0.7\bin\management.dll
0x00007ffe120b0000 - 0x00007ffe120bc000 	C:\Program Files\Java\jdk-11.0.7\bin\management_ext.dll
0x00007ffe014f0000 - 0x00007ffe01507000 	C:\WINDOWS\system32\napinsp.dll
0x00007ffdf6740000 - 0x00007ffdf675b000 	C:\WINDOWS\system32\pnrpnsp.dll
0x00007ffe02c40000 - 0x00007ffe02c55000 	C:\WINDOWS\system32\wshbth.dll
0x00007ffe130a0000 - 0x00007ffe130bd000 	C:\WINDOWS\system32\NLAapi.dll
0x00007ffe16b00000 - 0x00007ffe16b3b000 	C:\WINDOWS\SYSTEM32\IPHLPAPI.DLL
0x00007ffe16b40000 - 0x00007ffe16c0c000 	C:\WINDOWS\SYSTEM32\DNSAPI.dll
0x00007ffe18fc0000 - 0x00007ffe18fc8000 	C:\WINDOWS\System32\NSI.dll
0x00007ffdf6720000 - 0x00007ffdf6732000 	C:\WINDOWS\System32\winrnr.dll
0x00007ffe0d1f0000 - 0x00007ffe0d1fa000 	C:\Windows\System32\rasadhlp.dll
0x00007ffe0d210000 - 0x00007ffe0d28f000 	C:\WINDOWS\System32\fwpuclnt.dll
0x00007ffe177b0000 - 0x00007ffe177d7000 	C:\WINDOWS\System32\bcrypt.dll
0x00007ffe17090000 - 0x00007ffe170a8000 	C:\WINDOWS\SYSTEM32\CRYPTSP.dll
0x00007ffe16770000 - 0x00007ffe167a4000 	C:\WINDOWS\system32\rsaenh.dll
0x00007ffe175a0000 - 0x00007ffe175ce000 	C:\WINDOWS\SYSTEM32\USERENV.dll
0x00007ffe170b0000 - 0x00007ffe170bc000 	C:\WINDOWS\SYSTEM32\CRYPTBASE.dll
0x00007ffe0ef70000 - 0x00007ffe0ef87000 	C:\WINDOWS\SYSTEM32\dhcpcsvc6.DLL
0x00007ffe0ef50000 - 0x00007ffe0ef6d000 	C:\WINDOWS\SYSTEM32\dhcpcsvc.DLL

dbghelp: loaded successfully - version: 4.0.5 - missing functions: none
symbol engine: initialized successfully - sym options: 0x614 - pdb path: .;C:\Program Files\Java\jdk-11.0.7\bin;C:\WINDOWS\SYSTEM32;C:\WINDOWS\WinSxS\amd64_microsoft.windows.common-controls_6595b64144ccf1df_6.0.19041.1110_none_60b5254171f9507e;C:\Program Files\Java\jdk-11.0.7\bin\server

VM Arguments:
jvm_args: -Dcom.sun.management.jmxremote -Dcom.sun.management.jmxremote.port=51737 -Dcom.sun.management.jmxremote.authenticate=false -Dcom.sun.management.jmxremote.ssl=false -Djava.rmi.server.hostname=localhost -Dspring.jmx.enabled=true -Dspring.application.admin.enabled=true -XX:TieredStopAtLevel=1 -Dspring.boot.project.name=projetoPedido -Dfile.encoding=UTF-8 
java_command: com.davidFontes.ProjetoPedidoApplication --spring.output.ansi.enabled=always
java_class_path (initial): C:\Users\dof_f\OneDrive\Documentos\git\local\ws-sts\projetoPedido\target\classes;C:\Users\dof_f\.m2\repository\org\springframework\boot\spring-boot-starter-web\2.3.4.RELEASE\spring-boot-starter-web-2.3.4.RELEASE.jar;C:\Users\dof_f\.m2\repository\org\springframework\boot\spring-boot-starter\2.3.4.RELEASE\spring-boot-starter-2.3.4.RELEASE.jar;C:\Users\dof_f\.m2\repository\org\springframework\boot\spring-boot-starter-logging\2.3.4.RELEASE\spring-boot-starter-logging-2.3.4.RELEASE.jar;C:\Users\dof_f\.m2\repository\ch\qos\logback\logback-classic\1.2.3\logback-classic-1.2.3.jar;C:\Users\dof_f\.m2\repository\ch\qos\logback\logback-core\1.2.3\logback-core-1.2.3.jar;C:\Users\dof_f\.m2\repository\org\apache\logging\log4j\log4j-to-slf4j\2.13.3\log4j-to-slf4j-2.13.3.jar;C:\Users\dof_f\.m2\repository\org\apache\logging\log4j\log4j-api\2.13.3\log4j-api-2.13.3.jar;C:\Users\dof_f\.m2\repository\org\slf4j\jul-to-slf4j\1.7.30\jul-to-slf4j-1.7.30.jar;C:\Users\dof_f\.m2\repository\jakarta\annotation\jakarta.annotation-api\1.3.5\jakarta.annotation-api-1.3.5.jar;C:\Users\dof_f\.m2\repository\org\yaml\snakeyaml\1.26\snakeyaml-1.26.jar;C:\Users\dof_f\.m2\repository\org\springframework\boot\spring-boot-starter-json\2.3.4.RELEASE\spring-boot-starter-json-2.3.4.RELEASE.jar;C:\Users\dof_f\.m2\repository\com\fasterxml\jackson\datatype\jackson-datatype-jdk8\2.11.2\jackson-datatype-jdk8-2.11.2.jar;C:\Users\dof_f\.m2\repository\com\fasterxml\jackson\datatype\jackson-datatype-jsr310\2.11.2\jackson-datatype-jsr310-2.11.2.jar;C:\Users\dof_f\.m2\repository\com\fasterxml\jackson\module\jackson-module-parameter-names\2.11.2\jackson-module-parameter-names-2.11.2.jar;C:\Users\dof_f\.m2\repository\org\springframework\boot\spring-boot-starter-tomcat\2.3.4.RELEASE\spring-boot-starter-tomcat-2.3.4.RELEASE.jar;C:\Users\dof_f\.m2\repository\org\apache\tomcat\embed\tomcat-embed-core\9.0.38\tomcat-embed-core-9.0.38.jar;C:\Users\dof_f\.m2\repository\org\apache\tomcat\embed\tomcat-embed
Launcher Type: SUN_STANDARD

[Global flags]
     intx CICompilerCount                          = 3                                         {product} {ergonomic}
     uint ConcGCThreads                            = 1                                         {product} {ergonomic}
     uint G1ConcRefinementThreads                  = 4                                         {product} {ergonomic}
   size_t G1HeapRegionSize                         = 1048576                                   {product} {ergonomic}
    uintx GCDrainStackTargetSize                   = 64                                        {product} {ergonomic}
   size_t InitialHeapSize                          = 100663296                                 {product} {ergonomic}
     bool ManagementServer                         = true                                      {product} {command line}
   size_t MarkStackSize                            = 4194304                                   {product} {ergonomic}
   size_t MaxHeapSize                              = 1593835520                                {product} {ergonomic}
   size_t MaxNewSize                               = 956301312                                 {product} {ergonomic}
   size_t MinHeapDeltaBytes                        = 1048576                                   {product} {ergonomic}
    uintx NonNMethodCodeHeapSize                   = 6973028                                {pd product} {ergonomic}
    uintx NonProfiledCodeHeapSize                  = 244685212                              {pd product} {ergonomic}
    uintx ProfiledCodeHeapSize                     = 0                                      {pd product} {ergonomic}
    uintx ReservedCodeCacheSize                    = 251658240                              {pd product} {ergonomic}
     bool SegmentedCodeCache                       = true                                      {product} {ergonomic}
     intx TieredStopAtLevel                        = 1                                         {product} {command line}
     bool UseCompressedClassPointers               = true                                 {lp64_product} {ergonomic}
     bool UseCompressedOops                        = true                                 {lp64_product} {ergonomic}
     bool UseG1GC                                  = true                                      {product} {ergonomic}
     bool UseLargePagesIndividualAllocation        = false                                  {pd product} {ergonomic}

Logging:
Log output configuration:
 #0: stdout all=warning uptime,level,tags
 #1: stderr all=off uptime,level,tags

Environment Variables:
JAVA_HOME=C:\Users\dof_f\OneDrive\Documentos\jdk-15
PATH=C:\Program Files\Common Files\Oracle\Java\javapath;C:\WINDOWS\system32;C:\WINDOWS;C:\WINDOWS\System32\Wbem;C:\WINDOWS\System32\WindowsPowerShell\v1.0\;C:\WINDOWS\System32\OpenSSH\;C:\Program Files\nodejs\;C:\xampp\php;C:\ProgramData\ComposerSetup\bin;C:\Program Files\PostgreSQL\12\bin;C:\Program Files\dotnet\;C:\Program Files\Microsoft SQL Server\130\Tools\Binn\;C:\Program Files\Microsoft SQL Server\Client SDK\ODBC\170\Tools\Binn\;C:\Program Files (x86)\Microsoft SQL Server\150\DTS\Binn\;C:\Program Files (x86)\Microsoft SQL Server\150\Tools\Binn\;C:\Program Files\Microsoft SQL Server\150\Tools\Binn\;C:\Program Files\Microsoft SQL Server\150\DTS\Binn\;C:\Users\dof_f\OneDrive\Documentos\jdk-15\bin;C:\Program Files\Git\cmd;C:\Users\dof_f\OneDrive\Documentos\apache-maven-3.8.1\bin;C:\xampp\mysql\bin;C:\Users\dof_f\AppData\Local\Programs\Python\Python39\Scripts\;C:\Users\dof_f\AppData\Local\Programs\Python\Python39\;C:\Program Files\MySQL\MySQL Shell 8.0\bin\;C:\Users\dof_f\AppData\Local\Microsoft\WindowsApps;;C:\Users\dof_f\AppData\Roaming\npm;C:\Users\dof_f\AppData\Roaming\Composer\vendor\bin;C:\Users\dof_f\.dotnet\tools;C:\Users\dof_f\AppData\Local\Programs\Microsoft VS Code\bin;C:\Program Files\JetBrains\WebStorm 2020.1.2\bin;;C:\Users\dof_f\AppData\Local\Microsoft\WindowsApps
USERNAME=dof_f
OS=Windows_NT
PROCESSOR_IDENTIFIER=Intel64 Family 6 Model 42 Stepping 7, GenuineIntel



---------------  S Y S T E M  ---------------

OS: Windows 10 , 64 bit Build 19041 (10.0.19041.1151)

CPU:total 4 (initial active 4) (2 cores per cpu, 2 threads per core) family 6 model 42 stepping 7, cmov, cx8, fxsr, mmx, sse, sse2, sse3, ssse3, sse4.1, sse4.2, popcnt, avx, clmul, ht, tsc, tscinvbit

Memory: 4k page, system-wide physical 6078M (939M free)
TotalPageFile size 14014M (AvailPageFile size 4014M)
current process WorkingSet (physical memory assigned to process): 81M, peak: 81M
current process commit charge ("private bytes"): 190M, peak: 190M

vm_info: Java HotSpot(TM) 64-Bit Server VM (11.0.7+8-LTS) for windows-amd64 JRE (11.0.7+8-LTS), built on Mar 12 2020 02:04:32 by "mach5one" with MS VC++ 15.5 (VS2017)

END.
